<?xml version="1.0" encoding="UTF-8"?>
<!-- Generated by org.testng.reporters.JUnitReportReporter -->
<testsuite hostname="LAP7L-U55JAERDR" name="com.automation.test.ApplicationLogin" tests="1" failures="0" timestamp="18 Oct 2016 06:43:05 GMT" time="6.427" errors="0">
  <testcase name="SampleTestMethod" time="6.427" classname="com.automation.test.ApplicationLogin"/>
</testsuite> <!-- com.automation.test.ApplicationLogin -->
